<?xml version="1.0" encoding="UTF-8"?>
<testng-results ignored="14" total="16" passed="2" failed="0" skipped="0">
  <reporter-output>
  </reporter-output>
  <suite started-at="2023-09-08T13:35:03 IST" name="All Test Suite" finished-at="2023-09-08T13:35:11 IST" duration-ms="8198">
    <groups>
    </groups>
    <test started-at="2023-09-08T13:35:03 IST" name="/Users/muralic/Personal/SeleniumPract/src/test/java/com/test/murali/seleniumTests.java" finished-at="2023-09-08T13:35:11 IST" duration-ms="8198">
      <class name="com.test.javapractice.seleniumTests">
        <test-method is-config="true" signature="init()[pri:0, instance:com.test.javapractice.seleniumTests@70a9f4b7]" started-at="2023-09-08T13:35:03 IST" name="init" finished-at="2023-09-08T13:35:06 IST" duration-ms="3336" status="PASS">
          <reporter-output>
          </reporter-output>
        </test-method> <!-- init -->
        <test-method signature="guru99()[pri:0, instance:com.test.javapractice.seleniumTests@70a9f4b7]" started-at="2023-09-08T13:35:06 IST" name="guru99" finished-at="2023-09-08T13:35:07 IST" duration-ms="1464" status="PASS">
          <reporter-output>
          </reporter-output>
        </test-method> <!-- guru99 -->
        <test-method is-config="true" signature="teardown()[pri:0, instance:com.test.javapractice.seleniumTests@70a9f4b7]" started-at="2023-09-08T13:35:07 IST" name="teardown" finished-at="2023-09-08T13:35:08 IST" duration-ms="156" status="PASS">
          <reporter-output>
          </reporter-output>
        </test-method> <!-- teardown -->
        <test-method is-config="true" signature="init()[pri:0, instance:com.test.javapractice.seleniumTests@70a9f4b7]" started-at="2023-09-08T13:35:08 IST" name="init" finished-at="2023-09-08T13:35:09 IST" duration-ms="1602" status="PASS">
          <reporter-output>
          </reporter-output>
        </test-method> <!-- init -->
        <test-method signature="googleSearch1()[pri:0, instance:com.test.javapractice.seleniumTests@70a9f4b7]" started-at="2023-09-08T13:35:09 IST" name="googleSearch1" finished-at="2023-09-08T13:35:11 IST" duration-ms="1560" status="PASS">
          <reporter-output>
          </reporter-output>
        </test-method> <!-- googleSearch1 -->
        <test-method is-config="true" signature="teardown()[pri:0, instance:com.test.javapractice.seleniumTests@70a9f4b7]" started-at="2023-09-08T13:35:11 IST" name="teardown" finished-at="2023-09-08T13:35:11 IST" duration-ms="55" status="PASS">
          <reporter-output>
          </reporter-output>
        </test-method> <!-- teardown -->
      </class> <!-- com.test.javapractice.seleniumTests -->
    </test> <!-- /Users/muralic/Personal/SeleniumPract/src/test/java/com/test/murali/seleniumTests.java -->
  </suite> <!-- All Test Suite -->
</testng-results>
