<?xml version="1.0" encoding="UTF-8"?>
<!-- Generated by org.testng.reporters.JUnitXMLReporter -->
<testsuite ignored="14" hostname="Muralis-MacBook-Air.local" failures="0" tests="2" name="/Users/muralic/Personal/SeleniumPract/src/test/java/com/test/murali/seleniumTests.java" time="8.198" errors="0" timestamp="2023-09-08T13:35:16 IST">
  <testcase classname="com.test.javapractice.seleniumTests" name="guru99" time="1.464"/>
  <testcase classname="com.test.javapractice.seleniumTests" name="googleSearch1" time="1.56"/>
  <testcase classname="com.test.javapractice.seleniumTests" name="flipkart" time="0.0">
    <ignored/>
  </testcase> <!-- flipkart -->
  <testcase classname="com.test.javapractice.seleniumTests" name="testDemo" time="0.0">
    <ignored/>
  </testcase> <!-- testDemo -->
  <testcase classname="com.test.javapractice.seleniumTests" name="crickSixGreaterThanzero" time="0.0">
    <ignored/>
  </testcase> <!-- crickSixGreaterThanzero -->
  <testcase classname="com.test.javapractice.seleniumTests" name="uploadFile" time="0.0">
    <ignored/>
  </testcase> <!-- uploadFile -->
  <testcase classname="com.test.javapractice.seleniumTests" name="getHelperText" time="0.0">
    <ignored/>
  </testcase> <!-- getHelperText -->
  <testcase classname="com.test.javapractice.seleniumTests" name="SeleniumPract" time="0.0">
    <ignored/>
  </testcase> <!-- SeleniumPract -->
  <testcase classname="com.test.javapractice.seleniumTests" name="guru99Preceding" time="0.0">
    <ignored/>
  </testcase> <!-- guru99Preceding -->
  <testcase classname="com.test.javapractice.seleniumTests" name="selectDemo" time="0.0">
    <ignored/>
  </testcase> <!-- selectDemo -->
  <testcase classname="com.test.javapractice.seleniumTests" name="clickElementJS" time="0.0">
    <ignored/>
  </testcase> <!-- clickElementJS -->
  <testcase classname="com.test.javapractice.seleniumTests" name="guru99Following" time="0.0">
    <ignored/>
  </testcase> <!-- guru99Following -->
  <testcase classname="com.test.javapractice.seleniumTests" name="guru99Example2" time="0.0">
    <ignored/>
  </testcase> <!-- guru99Example2 -->
  <testcase classname="com.test.javapractice.seleniumTests" name="testxpath" time="0.0">
    <ignored/>
  </testcase> <!-- testxpath -->
  <testcase classname="com.test.javapractice.seleniumTests" name="googleSearch" time="0.0">
    <ignored/>
  </testcase> <!-- googleSearch -->
  <testcase classname="com.test.javapractice.seleniumTests" name="rediffTest" time="0.0">
    <ignored/>
  </testcase> <!-- rediffTest -->
</testsuite> <!-- /Users/muralic/Personal/SeleniumPract/src/test/java/com/test/murali/seleniumTests.java -->
