<?xml version="1.0" encoding="UTF-8"?>
<!-- Generated by org.testng.reporters.JUnitXMLReporter -->
<testsuite ignored="10" hostname="Muralis-MacBook-Air.local" failures="0" tests="0" time="0.004" errors="0" timestamp="2023-03-14T09:47:14 IST">
  <testcase classname="com.test.murali.seleniumTests" name="guru99" time="0.0">
    <ignored/>
  </testcase> <!-- guru99 -->
  <testcase classname="com.test.murali.seleniumTests" name="guru99Preceding" time="0.0">
    <ignored/>
  </testcase> <!-- guru99Preceding -->
  <testcase classname="com.test.murali.seleniumTests" name="googleSearch" time="0.0">
    <ignored/>
  </testcase> <!-- googleSearch -->
  <testcase classname="com.test.murali.seleniumTests" name="guru99Following" time="0.0">
    <ignored/>
  </testcase> <!-- guru99Following -->
  <testcase classname="com.test.murali.seleniumTests" name="flipkart" time="0.0">
    <ignored/>
  </testcase> <!-- flipkart -->
  <testcase classname="com.test.murali.seleniumTests" name="googleSearch1" time="0.0">
    <ignored/>
  </testcase> <!-- googleSearch1 -->
  <testcase classname="com.test.murali.seleniumTests" name="guru99Example2" time="0.0">
    <ignored/>
  </testcase> <!-- guru99Example2 -->
  <testcase classname="com.test.murali.seleniumTests" name="selectDemo" time="0.0">
    <ignored/>
  </testcase> <!-- selectDemo -->
  <testcase classname="com.test.murali.seleniumTests" name="clickElementJS" time="0.0">
    <ignored/>
  </testcase> <!-- clickElementJS -->
  <testcase classname="com.test.murali.seleniumTests" name="SeleniumPract" time="0.0">
    <ignored/>
  </testcase> <!-- SeleniumPract -->
</testsuite>
