<?xml version="1.0" encoding="UTF-8"?>
<!-- Generated by org.testng.reporters.JUnitXMLReporter -->
<testsuite ignored="4" hostname="Muralis-MacBook-Air.local" failures="0" tests="6" name="/Users/muralic/Personal/SeleniumPract/src/test/java/com/test/murali/practice.java" time="0.012" errors="0" timestamp="2023-02-25T23:25:04 IST">
  <testcase classname="com.test.murali.practice" name="test4" time="0.0"/>
  <testcase classname="com.test.murali.practice" name="test6" time="0.003"/>
  <testcase classname="com.test.murali.practice" name="sortBySteamInteger" time="0.001"/>
  <testcase classname="com.test.murali.practice" name="SortObject" time="0.005"/>
  <testcase classname="com.test.murali.practice" name="sortByStreamString" time="0.0"/>
  <testcase classname="com.test.murali.practice" name="removeDuplicate" time="0.0"/>
  <testcase classname="com.test.murali.practice" name="test1" time="0.0">
    <ignored/>
  </testcase> <!-- test1 -->
  <testcase classname="com.test.murali.practice" name="test2" time="0.0">
    <ignored/>
  </testcase> <!-- test2 -->
  <testcase classname="com.test.murali.practice" name="test5" time="0.0">
    <ignored/>
  </testcase> <!-- test5 -->
  <testcase classname="com.test.murali.practice" name="test3" time="0.0">
    <ignored/>
  </testcase> <!-- test3 -->
</testsuite> <!-- /Users/muralic/Personal/SeleniumPract/src/test/java/com/test/murali/practice.java -->
